Copyright 1986-2017 Xilinx, Inc. All Rights Reserved.
-------------------------------------------------------------------------------------------------------------------------------
| Tool Version     : Vivado v.2017.4 (win64) Build 2086221 Fri Dec 15 20:55:39 MST 2017
| Date             : Wed Jul  8 15:18:14 2020
| Host             : stu32 running 64-bit major release  (build 9200)
| Command          : report_power -file vga_power_routed.rpt -pb vga_power_summary_routed.pb -rpx vga_power_routed.rpx
| Design           : vga
| Device           : xc7a35tcsg324-1
| Design State     : routed
| Grade            : commercial
| Process          : typical
| Characterization : Production
-------------------------------------------------------------------------------------------------------------------------------

Power Report

Table of Contents
-----------------
1. Summary
1.1 On-Chip Components
1.2 Power Supply Summary
1.3 Confidence Level
2. Settings
2.1 Environment
2.2 Clock Constraints
3. Detailed Reports
3.1 By Hierarchy

1. Summary
----------

+--------------------------+--------------+
| Total On-Chip Power (W)  | 2.912        |
| Design Power Budget (W)  | Unspecified* |
| Power Budget Margin (W)  | NA           |
| Dynamic (W)              | 2.831        |
| Device Static (W)        | 0.081        |
| Effective TJA (C/W)      | 4.8          |
| Max Ambient (C)          | 71.1         |
| Junction Temperature (C) | 38.9         |
| Confidence Level         | Low          |
| Setting File             | ---          |
| Simulation Activity File | ---          |
| Design Nets Matched      | NA           |
+--------------------------+--------------+
* Specify Design Power Budget using, set_operating_conditions -design_power_budget <value in Watts>


1.1 On-Chip Components
----------------------

+----------------+-----------+----------+-----------+-----------------+
| On-Chip        | Power (W) | Used     | Available | Utilization (%) |
+----------------+-----------+----------+-----------+-----------------+
| Slice Logic    |     0.223 |      299 |       --- |             --- |
|   LUT as Logic |     0.173 |      129 |     20800 |            0.62 |
|   BUFG         |     0.029 |        2 |        32 |            6.25 |
|   Register     |     0.012 |       81 |     41600 |            0.19 |
|   CARRY4       |     0.009 |        4 |      8150 |            0.05 |
|   Others       |     0.000 |       68 |       --- |             --- |
| Signals        |     0.344 |      254 |       --- |             --- |
| Block RAM      |     1.953 |       19 |        50 |           38.00 |
| I/O            |     0.312 |       17 |       210 |            8.10 |
| Static Power   |     0.081 |          |           |                 |
| Total          |     2.912 |          |           |                 |
+----------------+-----------+----------+-----------+-----------------+


1.2 Power Supply Summary
------------------------

+-----------+-------------+-----------+-------------+------------+
| Source    | Voltage (V) | Total (A) | Dynamic (A) | Static (A) |
+-----------+-------------+-----------+-------------+------------+
| Vccint    |       1.000 |     2.374 |       2.358 |      0.017 |
| Vccaux    |       1.800 |     0.024 |       0.011 |      0.013 |
| Vcco33    |       3.300 |     0.086 |       0.085 |      0.001 |
| Vcco25    |       2.500 |     0.000 |       0.000 |      0.000 |
| Vcco18    |       1.800 |     0.000 |       0.000 |      0.000 |
| Vcco15    |       1.500 |     0.000 |       0.000 |      0.000 |
| Vcco135   |       1.350 |     0.000 |       0.000 |      0.000 |
| Vcco12    |       1.200 |     0.000 |       0.000 |      0.000 |
| Vccaux_io |       1.800 |     0.000 |       0.000 |      0.000 |
| Vccbram   |       1.000 |     0.175 |       0.174 |      0.001 |
| MGTAVcc   |       1.000 |     0.000 |       0.000 |      0.000 |
| MGTAVtt   |       1.200 |     0.000 |       0.000 |      0.000 |
| Vccadc    |       1.800 |     0.020 |       0.000 |      0.020 |
+-----------+-------------+-----------+-------------+------------+


1.3 Confidence Level
--------------------

+-----------------------------+------------+--------------------------------------------------------+--------------------------------------------------------------------------------------------------------------------+
| User Input Data             | Confidence | Details                                                | Action                                                                                                             |
+-----------------------------+------------+--------------------------------------------------------+--------------------------------------------------------------------------------------------------------------------+
| Design implementation state | High       | Design is routed                                       |                                                                                                                    |
| Clock nodes activity        | Low        | User specified less than 75% of clocks                 | Provide missing clock activity with a constraint file, simulation results or by editing the "By Clock Domain" view |
| I/O nodes activity          | Low        | More than 75% of inputs are missing user specification | Provide missing input activity with simulation results or by editing the "By Resource Type -> I/Os" view           |
| Internal nodes activity     | Medium     | User specified less than 25% of internal nodes         | Provide missing internal nodes activity with simulation results or by editing the "By Resource Type" views         |
| Device models               | High       | Device models are Production                           |                                                                                                                    |
|                             |            |                                                        |                                                                                                                    |
| Overall confidence level    | Low        |                                                        |                                                                                                                    |
+-----------------------------+------------+--------------------------------------------------------+--------------------------------------------------------------------------------------------------------------------+


2. Settings
-----------

2.1 Environment
---------------

+-----------------------+--------------------------+
| Ambient Temp (C)      | 25.0                     |
| ThetaJA (C/W)         | 4.8                      |
| Airflow (LFM)         | 250                      |
| Heat Sink             | medium (Medium Profile)  |
| ThetaSA (C/W)         | 4.6                      |
| Board Selection       | medium (10"x10")         |
| # of Board Layers     | 12to15 (12 to 15 Layers) |
| Board Temperature (C) | 25.0                     |
+-----------------------+--------------------------+


2.2 Clock Constraints
---------------------

+-------+--------+-----------------+
| Clock | Domain | Constraint (ns) |
+-------+--------+-----------------+


3. Detailed Reports
-------------------

3.1 By Hierarchy
----------------

+----------------------------------------------+-----------+
| Name                                         | Power (W) |
+----------------------------------------------+-----------+
| vga                                          |     2.831 |
|   get_data                                   |     1.998 |
|     U0                                       |     1.998 |
|       inst_blk_mem_gen                       |     1.998 |
|         gnbram.gnativebmg.native_blk_mem_gen |     1.998 |
|           valid.cstr                         |     1.998 |
|             bindec_a.bindec_inst_a           |     0.001 |
|             has_mux_a.A                      |     0.022 |
|             ramloop[0].ram.r                 |     0.226 |
|               prim_init.ram                  |     0.226 |
|             ramloop[10].ram.r                |     0.027 |
|               prim_init.ram                  |     0.027 |
|             ramloop[11].ram.r                |     0.028 |
|               prim_init.ram                  |     0.028 |
|             ramloop[12].ram.r                |     0.028 |
|               prim_init.ram                  |     0.028 |
|             ramloop[13].ram.r                |     0.027 |
|               prim_init.ram                  |     0.027 |
|             ramloop[14].ram.r                |     0.027 |
|               prim_init.ram                  |     0.027 |
|             ramloop[15].ram.r                |     0.028 |
|               prim_init.ram                  |     0.028 |
|             ramloop[16].ram.r                |     0.027 |
|               prim_init.ram                  |     0.027 |
|             ramloop[17].ram.r                |     0.027 |
|               prim_init.ram                  |     0.027 |
|             ramloop[18].ram.r                |     0.027 |
|               prim_init.ram                  |     0.027 |
|             ramloop[19].ram.r                |     0.027 |
|               prim_init.ram                  |     0.027 |
|             ramloop[1].ram.r                 |     0.043 |
|               prim_init.ram                  |     0.043 |
|             ramloop[2].ram.r                 |     0.226 |
|               prim_init.ram                  |     0.226 |
|             ramloop[3].ram.r                 |     0.026 |
|               prim_init.ram                  |     0.026 |
|             ramloop[4].ram.r                 |     0.225 |
|               prim_init.ram                  |     0.225 |
|             ramloop[5].ram.r                 |     0.226 |
|               prim_init.ram                  |     0.226 |
|             ramloop[6].ram.r                 |     0.051 |
|               prim_init.ram                  |     0.051 |
|             ramloop[7].ram.r                 |     0.226 |
|               prim_init.ram                  |     0.226 |
|             ramloop[8].ram.r                 |     0.226 |
|               prim_init.ram                  |     0.226 |
|             ramloop[9].ram.r                 |     0.226 |
|               prim_init.ram                  |     0.226 |
+----------------------------------------------+-----------+


