==============================================================
File generated by Vivado(TM) HLS - High-Level Synthesis from C, C++ and SystemC
Version: 2012.2
Copyright (C) 2012 Xilinx Inc. All rights reserved.

==============================================================

@I [SYN-201] Setting up clock with a period of 5ns.
@I [HLS-10] Setting target device to 'xc7z020clg484-1'
@I [HLS-10] Setting target device to 'xc7z020clg484-1'
@I [HLS-10] Importing test bench file 'test_1080p.bmp' ... 
@I [HLS-10] Importing test bench file 'sobel_test.cpp' ... 
@I [HLS-10] Importing test bench file 'result_1080p_golden.bmp' ... 
@I [HLS-10] Importing test bench file 'ap_bmp.cpp' ... 
@I [HLS-10] Importing design file 'sobel.cpp' ... 
@I [HLS-10] Analyzing the design file ...
@I [HLS-10] Validating synthesis directives ...
@I [HLS-10] Checking synthesizability ...
@I [HLS-10] Starting code transformations ...
@I [XFORM-603] Inlining function 'ap_linebuffer<unsigned char, 3, 1920>::shift_up' into 'sobel_filter' (sobel.cpp:144).
@I [XFORM-603] Inlining function 'ap_linebuffer<unsigned char, 3, 1920>::getval' into 'sobel_filter' (sobel.cpp:167).
@I [XFORM-603] Inlining function 'ap_linebuffer<unsigned char, 3, 1920>::getval' into 'sobel_filter' (sobel.cpp:145).
@I [XFORM-603] Inlining function 'ap_linebuffer<unsigned char, 3, 1920>::insert_bottom' into 'sobel_filter' (sobel.cpp:158).
@I [XFORM-603] Inlining function 'ap_window<unsigned char, 3, 3>::shift_right' into 'sobel_filter' (sobel.cpp:162).
@I [XFORM-603] Inlining function 'ap_window<unsigned char, 3, 3>::insert' into 'sobel_filter' (sobel.cpp:169).
@I [XFORM-603] Inlining function 'ap_window<unsigned char, 3, 3>::insert' into 'sobel_filter' (sobel.cpp:168).
@I [XFORM-603] Inlining function 'ap_window<unsigned char, 3, 3>::insert' into 'sobel_filter' (sobel.cpp:167).
@I [XFORM-603] Inlining function 'ap_window<unsigned char, 3, 3>::getval' into 'sobel_operator' (sobel.cpp:90).
@I [XFORM-603] Inlining function 'ap_window<unsigned char, 3, 3>::getval' into 'sobel_operator' (sobel.cpp:87).
@I [XFORM-502] Unrolling all loops for pipelining in function 'sobel_operator' (sobel.cpp:61).
@I [XFORM-502] Unrolling all sub-loops inside loop 'Loop-1.1' (sobel.cpp:116) in function 'sobel_filter' for pipelining.
@I [XFORM-501] Unrolling loop 'Loop-1' (sobel.cpp:83) in function 'sobel_operator' completely.
@I [XFORM-501] Unrolling loop 'Loop-1.1' (sobel.cpp:84) in function 'sobel_operator' completely.
@I [XFORM-501] Unrolling loop 'Loop-1.1.1' (ap_video.h:116) in function 'sobel_filter' completely.
@I [XFORM-501] Unrolling loop 'Loop-1.1.2' (ap_video.h:226) in function 'sobel_filter' completely.
@I [XFORM-501] Unrolling loop 'Loop-1.1.2.1' (ap_video.h:228) in function 'sobel_filter' completely.
@I [XFORM-101] Partitioning array 'buff_A.M' (sobel.cpp:127) in dimension 1 completely.
@I [XFORM-101] Partitioning array 'buff_B.M.B.V' (sobel.cpp:128) in dimension 1 completely.
@I [XFORM-101] Partitioning array 'buff_B.M.G.V' (sobel.cpp:128) in dimension 1 completely.
@I [XFORM-101] Partitioning array 'buff_B.M.R.V' (sobel.cpp:128) in dimension 1 completely.
@I [XFORM-101] Partitioning array 'buff_C.M' (sobel.cpp:129) in dimension 1 completely.
@I [XFORM-101] Partitioning array 'buff_C.M.0' (sobel.cpp:129) in dimension 1 completely.
@I [XFORM-101] Partitioning array 'buff_C.M.1' (sobel.cpp:129) in dimension 1 completely.
@I [XFORM-101] Partitioning array 'buff_C.M.2' (sobel.cpp:129) in dimension 1 completely.
@I [XFORM-602] Inlining function 'rgb2y' into 'sobel_filter' (sobel.cpp:158) automatically.
@I [XFORM-602] Inlining function 'sobel_operator' into 'sobel_filter' (sobel.cpp:181) automatically.
@W [XFORM-124] Array 'inter_pix.data.V' (sobel.cpp:111) may have improper streaming access(es), possible reasons: (1) some entries are accessed more than once; (2) some entries are not used; (3) the entries are not accessed in sequential order.
@W [XFORM-124] Array 'inter_pix.strb.V' (sobel.cpp:111) may have improper streaming access(es), possible reasons: (1) some entries are accessed more than once; (2) some entries are not used; (3) the entries are not accessed in sequential order.
@W [XFORM-124] Array 'inter_pix.user.V' (sobel.cpp:111) may have improper streaming access(es), possible reasons: (1) some entries are accessed more than once; (2) some entries are not used; (3) the entries are not accessed in sequential order.
@W [XFORM-124] Array 'inter_pix.last.V' (sobel.cpp:111) may have improper streaming access(es), possible reasons: (1) some entries are accessed more than once; (2) some entries are not used; (3) the entries are not accessed in sequential order.
@W [XFORM-124] Array 'inter_pix.tdest.V' (sobel.cpp:111) may have improper streaming access(es), possible reasons: (1) some entries are accessed more than once; (2) some entries are not used; (3) the entries are not accessed in sequential order.
@W [XFORM-124] Array 'out_pix.data.V' (sobel.cpp:111) may have improper streaming access(es), possible reasons: (1) some entries are accessed more than once; (2) some entries are not used; (3) the entries are not accessed in sequential order.
@W [XFORM-124] Array 'out_pix.strb.V' (sobel.cpp:111) may have improper streaming access(es), possible reasons: (1) some entries are accessed more than once; (2) some entries are not used; (3) the entries are not accessed in sequential order.
@W [XFORM-124] Array 'out_pix.user.V' (sobel.cpp:111) may have improper streaming access(es), possible reasons: (1) some entries are accessed more than once; (2) some entries are not used; (3) the entries are not accessed in sequential order.
@W [XFORM-124] Array 'out_pix.last.V' (sobel.cpp:111) may have improper streaming access(es), possible reasons: (1) some entries are accessed more than once; (2) some entries are not used; (3) the entries are not accessed in sequential order.
@W [XFORM-124] Array 'out_pix.tdest.V' (sobel.cpp:111) may have improper streaming access(es), possible reasons: (1) some entries are accessed more than once; (2) some entries are not used; (3) the entries are not accessed in sequential order.
@I [XFORM-401] Performing if-conversion on hyperblock to (sobel.cpp:185) in function 'sobel_filter'... converting 9 basic blocks.
@I [XFORM-11] Balancing expressions in function 'sobel_filter' (sobel.cpp:111)...10 expression(s) balanced.
@I [ANALYSIS-51] Setting 'None' inter dependency for variable 'buff_A_M_0' (sobel.cpp:127).
@I [ANALYSIS-51] Setting 'None' inter dependency for variable 'buff_A_M_1' (sobel.cpp:127).
@I [ANALYSIS-51] Setting 'None' inter dependency for variable 'buff_A_M_2' (sobel.cpp:127).
@I [HLS-111] Elapsed time: 90.563 seconds; memory usage: 39 MB.
@I [HLS-10] Starting hardware synthesis ...
@I [HLS-10] Synthesizing 'sobel_filter' ...
@I [HLS-10] ----------------------------------------------------------------
@I [HLS-10] -- Scheduling module 'sobel_filter' 
@I [HLS-10] ----------------------------------------------------------------
@I [SCHED-11] Starting scheduling ...
@I [SCHED-61] Pipelining loop 'Loop 1.1'.
@I [SCHED-61] Pipelining result: Target II: 1, Final II: 1, Depth: 12.
@I [SCHED-11] Finished scheduling.
@I [HLS-111] Elapsed time: 0.304 seconds; memory usage: 40 MB.
@I [HLS-10] ----------------------------------------------------------------
@I [HLS-10] -- Exploring micro-architecture for module 'sobel_filter' 
@I [HLS-10] ----------------------------------------------------------------
@I [BIND-100] Starting micro-architecture binding ...
@I [BIND-101] Performing variable lifetime analysis.
@I [BIND-101] Exploring resource sharing.
@I [BIND-101] Binding resource limited operations ...
@I [BIND-100] Finished micro-architecture binding.
@I [HLS-111] Elapsed time: 0.174 seconds; memory usage: 40 MB.
@I [HLS-10] ----------------------------------------------------------------
@I [HLS-10] -- Generating RTL for module 'sobel_filter' 
@I [HLS-10] ----------------------------------------------------------------
@I [RTGEN-500] Setting IO mode on port 'sobel_filter|inter_pix_data_V' to 'ap_fifo'.
@I [RTGEN-500] Setting IO mode on port 'sobel_filter|inter_pix_strb_V' to 'ap_fifo'.
@I [RTGEN-500] Setting IO mode on port 'sobel_filter|inter_pix_user_V' to 'ap_fifo'.
@I [RTGEN-500] Setting IO mode on port 'sobel_filter|inter_pix_last_V' to 'ap_fifo'.
@I [RTGEN-500] Setting IO mode on port 'sobel_filter|inter_pix_tdest_V' to 'ap_fifo'.
@I [RTGEN-500] Setting IO mode on port 'sobel_filter|out_pix_data_V' to 'ap_fifo'.
@I [RTGEN-500] Setting IO mode on port 'sobel_filter|out_pix_strb_V' to 'ap_fifo'.
@I [RTGEN-500] Setting IO mode on port 'sobel_filter|out_pix_user_V' to 'ap_fifo'.
@I [RTGEN-500] Setting IO mode on port 'sobel_filter|out_pix_last_V' to 'ap_fifo'.
@I [RTGEN-500] Setting IO mode on port 'sobel_filter|out_pix_tdest_V' to 'ap_fifo'.
@I [RTGEN-500] Setting IO mode on port 'sobel_filter|rows' to 'ap_none'.
@I [RTGEN-500] Setting IO mode on port 'sobel_filter|cols' to 'ap_none'.
@I [RTGEN-100] Module generated: sobel_filter_grp_fu_554_ACMP_mul_1|sobel_filter_grp_fu_554_ACMP_mul_1_U.
@I [RTGEN-100] Module generated: sobel_filter_grp_fu_589_ACMP_mul_2|sobel_filter_grp_fu_589_ACMP_mul_2_U.
@I [RTGEN-100] Finished creating RTL model for 'sobel_filter'.
@I [HLS-111] Elapsed time: 0.629 seconds; memory usage: 41 MB.
@I [WSYSC-301] Generating RTL SystemC for 'sobel_filter'.
@I [WVHDL-304] Generating RTL VHDL for 'sobel_filter'.
@I [WVLOG-307] Generating RTL Verilog for 'sobel_filter'.
@I [HLS-10] Finished generating all RTL models.
@I [HLS-112] Total elapsed time: 93.583 seconds; memory usage: 37 MB.
