C51 COMPILER V7.06   MAIN                                                                  07/23/2013 22:22:09 PAGE 1   


C51 COMPILER V7.06, COMPILATION OF MODULE MAIN
OBJECT MODULE PLACED IN main.OBJ
COMPILER INVOKED BY: C:\Keil\C51\BIN\C51.EXE main.c BROWSE DEBUG OBJECTEXTEND

stmt level    source

   1          //单片机晶振12M
   2          //显示中国
   3          #include <reg52.h>
   4          #include <intrins.h>
   5          #define uchar unsigned char
   6          #define uint  unsigned int
   7          //定义Max7219端口
   8          sbit Max7219_pinCLK = P2^2;
   9          sbit Max7219_pinCS  = P2^1;
  10          sbit Max7219_pinDIN = P2^0;
  11          uchar code disp1[2][8]=
  12          {     
  13            {0x10,0xFE,0x92,0x92,0xFE,0x10,0x10,0x10},//中
  14            {0xFE,0xBA,0x92,0xBA,0x92,0x9A,0xBA,0xFE},//国
  15          };
  16          void Delay_xms(uint x);
  17          void Write_Max7219_byte(uchar DATA);//写入一字节
  18          void Write_Max7219(uchar address1,uchar dat1,uchar address2,uchar dat2);
  19          void Init_MAX7219(void);
  20                                // 锁存进相应寄存器
  21          
  22          
  23          void main(void)
  24          {
  25   1       uchar i,j;
  26   1       Delay_xms(50);
  27   1       Init_MAX7219();  
  28   1       while(1)
  29   1       {
  30   2      
  31   2         for(i=1;i<9;i++)
  32   2         
  33   2         Write_Max7219(i,disp1[1][i-1],i,disp1[0][i-1]);
  34   2      
  35   2      
  36   2         Delay_xms(1000);
  37   2        
  38   2       } 
  39   1      }
*** WARNING C280 IN LINE 25 OF MAIN.C: 'j': unreferenced local variable
  40          void Init_MAX7219(void)
  41          {
  42   1        Write_Max7219(0x09, 0x00,0x09, 0x00);       //译码方式：BCD码
  43   1        Write_Max7219(0x0a, 0x03,0x0a, 0x03);       //亮度 
  44   1        Write_Max7219(0x0b, 0x07,0x0b, 0x07);       //扫描界限；8个数码管显示
  45   1        Write_Max7219(0x0c, 0x01,0x0c, 0x01);       //掉电模式：0，普通模式：1
  46   1        Write_Max7219(0x0f, 0x00,0x0f, 0x00);       //显示测试：1；测试结束，正常显示：0
  47   1      }
  48          //-------------------------------------------
  49          //功能：向MAX7219写入数据
  50          //入口参数：address、dat
  51          //出口参数：无
  52          //说明：
  53          void Write_Max7219(uchar address1,uchar dat1,uchar address2,uchar dat2)
  54          { 
C51 COMPILER V7.06   MAIN                                                                  07/23/2013 22:22:09 PAGE 2   

  55   1           uchar i;
  56   1           Max7219_pinCS=0;
  57   1           Write_Max7219_byte(address1);           //写入地址，即数码管编号
  58   1           Write_Max7219_byte(dat1);              //写入数据，即数码管显示数字 
  59   1           Write_Max7219_byte(address2);           //写入地址，即数码管编号
  60   1           Write_Max7219_byte(dat2);      //写入数据，即数码管显示数字 
  61   1                    _nop_();
  62   1           
  63   1           Max7219_pinCS=1;                        
  64   1      }
*** WARNING C280 IN LINE 55 OF MAIN.C: 'i': unreferenced local variable
  65          
  66          //--------------------------------------------
  67          //功能：向MAX7219(U3)写入字节
  68          //入口参数：DATA 
  69          //出口参数：无
  70          //说明：
  71          void Write_Max7219_byte(uchar DATA)         
  72          {
  73   1              uchar i;    
  74   1                  for(i=8;i>=1;i--)
  75   1                {               
  76   2                  Max7219_pinCLK=0;
  77   2                  Max7219_pinDIN=DATA&0x80;
  78   2                  DATA=DATA<<1;
  79   2                  Max7219_pinCLK=1;
  80   2                 }                                 
  81   1      }
  82          void Delay_xms(uint x)
  83          {
  84   1       uint i,j;
  85   1       for(i=0;i<x;i++)
  86   1        for(j=0;j<112;j++);
  87   1      }


MODULE INFORMATION:   STATIC OVERLAYABLE
   CODE SIZE        =    188    ----
   CONSTANT SIZE    =     16    ----
   XDATA SIZE       =   ----    ----
   PDATA SIZE       =   ----    ----
   DATA SIZE        =   ----       7
   IDATA SIZE       =   ----    ----
   BIT SIZE         =   ----    ----
END OF MODULE INFORMATION.


C51 COMPILATION COMPLETE.  2 WARNING(S),  0 ERROR(S)
