(---------------------------------------------------------------------)
(                                                                     )
(    Auto Silkscreen Log File                                         )
(                                                                     )
(    Drawing          : temperature.brd                               )
(    Software Version : 16.6-2015S112                                 )
(    Date/Time        : Sat Jul 13 01:40:47 2019                      )
(                                                                     )
(---------------------------------------------------------------------)


Generating Auto Silkscreen for the top of the board.

Copying all elements.

Element to Pad clearance is 0.0000
Max Text displacement is 100.0000
Min Line Length is 0.0000
Allowing 0, 90, 180 and 270 degree text rotations.
Text Allowed Under Components.
Subclass Selections:
 Board Geometry       : Silkscreen
 Component Value      : Silkscreen
 Device Type          : Silkscreen
 Package Geometry     : Silkscreen
 Reference Designator : Silkscreen
 Tolerance            : Silkscreen
 User Part Number     : Silkscreen


Total Failures: 0

Log End

